0 verbose cli C:\Program Files\nodejs\node.exe C:\Users\jeffr\AppData\Roaming\npm\node_modules\npm\bin\npm-cli.js
1 info using npm@11.6.2
2 info using node@v22.18.0
3 silly config load:file:C:\Users\jeffr\AppData\Roaming\npm\node_modules\npm\npmrc
4 silly config load:file:C:\repos\leads\.npmrc
5 silly config load:file:C:\Users\jeffr\.npmrc
6 silly config load:file:C:\Users\jeffr\AppData\Roaming\npm\etc\npmrc
7 verbose title npm exec nx@latest configure-ai-agents
8 verbose argv "exec" "--yes" "--cache" "C:UsersjeffrAppDataLocalTempnx-console-tmp65bfd1336a" "--ignore-scripts" "--" "nx@latest" "configure-ai-agents"
9 verbose logfile logs-max:10 dir:C:\repos\leads\UsersjeffrAppDataLocalTempnx-console-tmp65bfd1336a\_logs\2025-10-23T19_15_07_792Z-
10 verbose logfile C:\repos\leads\UsersjeffrAppDataLocalTempnx-console-tmp65bfd1336a\_logs\2025-10-23T19_15_07_792Z-debug-0.log
11 silly logfile done cleaning log files
12 silly packumentCache heap:4345298944 maxSize:1086324736 maxEntrySize:543162368
13 http fetch GET 200 https://registry.npmjs.org/npm 390ms
14 http fetch GET 200 https://registry.npmjs.org/nx 254ms (cache miss)
15 verbose cwd C:\repos\leads
16 verbose os Windows_NT 10.0.26200
17 verbose node v22.18.0
18 verbose npm  v11.6.2
19 verbose exit 0
20 info ok
